<?xml version="1.0" encoding="UTF-8"?>
<testsuite xmlns:xsi="http://www.w3.org/2001/XMLSchema-instance" xsi:noNamespaceSchemaLocation="https://maven.apache.org/surefire/maven-failsafe-plugin/xsd/failsafe-test-report.xsd" name="TestSuite" time="10.949" tests="4" errors="0" skipped="0" failures="2">
  <properties>
[...]
</properties>
  <testcase name="deleteOrderByID" classname="serenity.bdd.SwaggerTest" time="2.014">
    <failure message="1 expectation failed.&#10;Expected status code &lt;200&gt; but was &lt;404&gt;.&#10;" type="java.lang.AssertionError"><![CDATA[java.lang.AssertionError: 
1 expectation failed.
Expected status code <200> but was <404>.

	at serenity.bdd.SwaggerTest.deleteOrderByID(SwaggerTest.java:61)
]]></failure>
    <system-out><![CDATA[Request URI:	https://petstore.swagger.io/v2/store/order/2
HTTP/1.1 404 Not Found
Date: Fri, 13 Dec 2019 08:43:45 GMT
Access-Control-Allow-Origin: *
Access-Control-Allow-Methods: GET, POST, DELETE, PUT
Access-Control-Allow-Headers: Content-Type, api_key, Authorization
Content-Type: application/json
Connection: close
Server: Jetty(9.2.9.v20150224)

{
    "code": 1,
    "type": "error",
    "message": "Order not found"
}
]]></system-out>
  </testcase>
  <testcase name="getInventory" classname="serenity.bdd.SwaggerTest" time="0.971">
    <failure message="1 expectation failed.&#10;JSON path scary doesn&apos;t match.&#10;Expected: &lt;4&gt;&#10;  Actual: null&#10;" type="java.lang.AssertionError"><![CDATA[java.lang.AssertionError: 
1 expectation failed.
JSON path scary doesn't match.
Expected: <4>
  Actual: null

	at serenity.bdd.SwaggerTest.getInventory(SwaggerTest.java:19)
]]></failure>
    <system-out><![CDATA[Request URI:	https://petstore.swagger.io/v2/store/inventory
]]></system-out>
  </testcase>
  <testcase name="getOrderByID" classname="serenity.bdd.SwaggerTest" time="0.749"/>
  <testcase name="placeAnOrder" classname="serenity.bdd.SwaggerTest" time="0.735"/>
</testsuite>